<?xml version='1.0' encoding='UTF-8'?>
<testsuite hostname="Viktor-MacBook-Pro-2.local" name="fpinscala.laziness.StreamSpec" tests="16" errors="0" failures="0" skipped="0" time="0.25" timestamp="2021-10-28T14:14:30">
          <properties>
[...]
</properties>
          <testcase classname="fpinscala.laziness.StreamSpec" name="headOption returns None on an empty Stream (01)" time="0.025">
                      
                    </testcase><testcase classname="fpinscala.laziness.StreamSpec" name="headOption returns the head of a singleton stream packaged in Some (02)" time="0.109">
                      
                    </testcase><testcase classname="fpinscala.laziness.StreamSpec" name="headOption returns the head of random stream packaged in Some (02)" time="0.035">
                      
                    </testcase><testcase classname="fpinscala.laziness.StreamSpec" name="headOption does not force the tail of the stream" time="0.003">
                      
                    </testcase><testcase classname="fpinscala.laziness.StreamSpec" name="take take does not force the tail or head of the stream" time="0.015">
                      
                    </testcase><testcase classname="fpinscala.laziness.StreamSpec" name="take take(n) does not force the (n+1)st head ever" time="0.01">
                      
                    </testcase><testcase classname="fpinscala.laziness.StreamSpec" name="take s.take(n).take(n) ==s.take(n) for any stream s and any n" time="0.007">
                      
                    </testcase><testcase classname="fpinscala.laziness.StreamSpec" name="drop s.drop(n).drop(m) ==s.drop(n+m) for any n, m" time="0.008">
                      
                    </testcase><testcase classname="fpinscala.laziness.StreamSpec" name="drop s.drop(n) does not force any of the dropped elements heads" time="0.002">
                      
                    </testcase><testcase classname="fpinscala.laziness.StreamSpec" name="map x.map(id) ==x for any stream. Here id is the identity function" time="0.006">
                      
                    </testcase><testcase classname="fpinscala.laziness.StreamSpec" name="map map terminates on infinite streams" time="0.003">
                      
                    </testcase><testcase classname="fpinscala.laziness.StreamSpec" name="append append to stream does not change its head" time="0.014">
                      
                    </testcase><testcase classname="fpinscala.laziness.StreamSpec" name="append appending empty stream should result in the same stream" time="0.001">
                      
                    </testcase><testcase classname="fpinscala.laziness.StreamSpec" name="append append should terminate when appending infinite stream" time="0.0">
                      
                    </testcase><testcase classname="fpinscala.laziness.StreamSpec" name="append appending two empty streams should result in empty stream" time="0.0">
                      
                    </testcase><testcase classname="fpinscala.laziness.StreamSpec" name="append by appending two streams of size k and l we get a stream of size (k + l)" time="0.012">
                      
                    </testcase>
          <system-out><![CDATA[]]></system-out>
          <system-err><![CDATA[]]></system-err>
        </testsuite>