<?xml version='1.0' encoding='UTF-8'?>
<testsuite hostname="Viktor-MBP-2.lan" name="adpro.ParSpec" tests="22" errors="0" failures="0" skipped="0" time="2.865" timestamp="2021-10-13T21:33:42">
          <properties>
[...]
</properties>
          <testcase classname="adpro.ParSpec" name="Exercise 10 (extension methods) An extension for map is created (we only test types)" time="0.011">
                      
                    </testcase><testcase classname="adpro.ParSpec" name="Exercise 10 (extension methods) An extension for map2 is created (we only test types)" time="0.0">
                      
                    </testcase><testcase classname="adpro.ParSpec" name="Exercise 10 (extension methods) An extension for chooser is created (we only test types)" time="0.0">
                      
                    </testcase><testcase classname="adpro.ParSpec" name="Exercise 9 (join) join really joins (the test is a bit weak)" time="0.112">
                      
                    </testcase><testcase classname="adpro.ParSpec" name="Exercise 8 (chooser) chooser returns the right computation" time="0.128">
                      
                    </testcase><testcase classname="adpro.ParSpec" name="Exercise 8 (chooser) choiceN2 returns the right computation" time="0.003">
                      
                    </testcase><testcase classname="adpro.ParSpec" name="Exercise 8 (chooser) choice2 returns the right computation" time="0.005">
                      
                    </testcase><testcase classname="adpro.ParSpec" name="Exercise 7 (choiceN, choice) choiceN returns the right computation" time="0.009">
                      
                    </testcase><testcase classname="adpro.ParSpec" name="Exercise 7 (choiceN, choice) choice returns the right computation" time="0.005">
                      
                    </testcase><testcase classname="adpro.ParSpec" name="Exercise 6 (parFilter) parFilter does not force the computation" time="0.001">
                      
                    </testcase><testcase classname="adpro.ParSpec" name="Exercise 6 (parFilter) parFilter does not wait eagerly for completion" time="0.002">
                      
                    </testcase><testcase classname="adpro.ParSpec" name="Exercise 6 (parFilter) parFilter tries all the elements" time="0.001">
                      
                    </testcase><testcase classname="adpro.ParSpec" name="Exercise 6 (parFilter) parFilter runs the elements in parallel" time="0.001">
                      
                    </testcase><testcase classname="adpro.ParSpec" name="Exercise 6 (parFilter) parFilter is functionally equivalent to filter" time="0.337">
                      
                    </testcase><testcase classname="adpro.ParSpec" name="Exercise 5 (wget) This is not a test, but an easy way to run your function (prints first line from up to 100 chars from 3 websites)" time="1.509">
                      
                    </testcase><testcase classname="adpro.ParSpec" name="Exercise 4 (sequence) sequence does not force the computation" time="0.001">
                      
                    </testcase><testcase classname="adpro.ParSpec" name="Exercise 4 (sequence) sequence does not wait eagerly for completion" time="0.263">
                      
                    </testcase><testcase classname="adpro.ParSpec" name="Exercise 4 (sequence) sequence does not loose any elements" time="0.265">
                      
                    </testcase><testcase classname="adpro.ParSpec" name="Exercise 4 (sequence) sequence still runs elements in parallel" time="0.105">
                      
                    </testcase><testcase classname="adpro.ParSpec" name="Exercise 4 (sequence) sequence runs map in parallel (composes with map)" time="0.056">
                      
                    </testcase><testcase classname="adpro.ParSpec" name="Exercise 2 (asyncF) asyncF is lazy" time="0.0">
                      
                    </testcase><testcase classname="adpro.ParSpec" name="Exercise 2 (asyncF) asyncF makes a function that runs in parallel" time="0.051">
                      
                    </testcase>
          <system-out><![CDATA[]]></system-out>
          <system-err><![CDATA[]]></system-err>
        </testsuite>